\BOOKMARK [1][]{Doc-Start}{\376\377\000C\000\342\000u\000\040\0001}{}% 1
\BOOKMARK [2][]{figure.caption.1}{\376\377\000a\0001\000\051}{Doc-Start}% 2
\BOOKMARK [2][]{figure.caption.3}{\376\377\000b\0001\000\051}{Doc-Start}% 3
\BOOKMARK [2][]{figure.caption.6}{\376\377\000c\0001\000\051}{Doc-Start}% 4
\BOOKMARK [2][]{figure.caption.8}{\376\377\000d\0001\000\051}{Doc-Start}% 5
\BOOKMARK [2][]{figure.caption.10}{\376\377\000a\0002\000\051}{Doc-Start}% 6
\BOOKMARK [2][]{figure.caption.12}{\376\377\000b\0002\000\051}{Doc-Start}% 7
\BOOKMARK [2][]{figure.caption.15}{\376\377\000c\0002\000\051}{Doc-Start}% 8
\BOOKMARK [2][]{figure.caption.17}{\376\377\000d\0002\000\051}{Doc-Start}% 9
\BOOKMARK [1][]{figure.caption.18}{\376\377\000C\000\342\000u\000\040\0002}{}% 10
\BOOKMARK [2][]{figure.caption.19}{\376\377\000a\000\051}{figure.caption.18}% 11
\BOOKMARK [2][]{figure.caption.20}{\376\377\000b\000\051}{figure.caption.18}% 12
\BOOKMARK [2][]{figure.caption.23}{\376\377\000c\000\051}{figure.caption.18}% 13
\BOOKMARK [1][]{figure.caption.24}{\376\377\000C\000\342\000u\000\040\0003}{}% 14
\BOOKMARK [2][]{figure.caption.25}{\376\377\000a\000\051}{figure.caption.24}% 15
\BOOKMARK [2][]{figure.caption.29}{\376\377\000b\000\051}{figure.caption.24}% 16
\BOOKMARK [2][]{figure.caption.32}{\376\377\000c\000\051}{figure.caption.24}% 17
\BOOKMARK [2][]{figure.caption.33}{\376\377\000d\000\051}{figure.caption.24}% 18
\BOOKMARK [1][]{figure.caption.34}{\376\377\000C\000\342\000u\000\040\0004}{}% 19
\BOOKMARK [2][]{figure.caption.35}{\376\377\000a\000\051}{figure.caption.34}% 20
\BOOKMARK [2][]{figure.caption.39}{\376\377\000b\000\051}{figure.caption.34}% 21
\BOOKMARK [2][]{figure.caption.44}{\376\377\000c\000\051}{figure.caption.34}% 22
\BOOKMARK [1][]{figure.caption.49}{\376\377\000C\000\342\000u\000\040\0005}{}% 23
\BOOKMARK [2][]{figure.caption.50}{\376\377\000a\000\051}{figure.caption.49}% 24
\BOOKMARK [2][]{figure.caption.52}{\376\377\000b\000\051}{figure.caption.49}% 25
\BOOKMARK [2][]{figure.caption.56}{\376\377\000c\000\051}{figure.caption.49}% 26
\BOOKMARK [2][]{figure.caption.64}{\376\377\000d\000\051}{figure.caption.49}% 27
\BOOKMARK [1][]{figure.caption.70}{\376\377\000C\000\342\000u\000\040\0006}{}% 28
\BOOKMARK [2][]{figure.caption.71}{\376\377\000a\000\051}{figure.caption.70}% 29
\BOOKMARK [2][]{figure.caption.72}{\376\377\000b\000\051}{figure.caption.70}% 30
\BOOKMARK [2][]{figure.caption.80}{\376\377\000c\000\051}{figure.caption.70}% 31
\BOOKMARK [1][]{figure.caption.84}{\376\377\000C\000\342\000u\000\040\0007}{}% 32
\BOOKMARK [2][]{figure.caption.85}{\376\377\000a\000\051}{figure.caption.84}% 33
\BOOKMARK [2][]{figure.caption.88}{\376\377\000b\000\051}{figure.caption.84}% 34
\BOOKMARK [2][]{figure.caption.97}{\376\377\000c\000\051}{figure.caption.84}% 35
\BOOKMARK [1][]{figure.caption.100}{\376\377\000C\000\342\000u\000\040\0008}{}% 36
\BOOKMARK [2][]{figure.caption.101}{\376\377\000a\000\051}{figure.caption.100}% 37
\BOOKMARK [2][]{figure.caption.102}{\376\377\000b\000\051}{figure.caption.100}% 38
\BOOKMARK [2][]{figure.caption.108}{\376\377\000c\000\051}{figure.caption.100}% 39
\BOOKMARK [2][]{figure.caption.109}{\376\377\000d\000\051}{figure.caption.100}% 40
\BOOKMARK [1][]{figure.caption.112}{\376\377\000C\000\342\000u\000\040\0009}{}% 41
\BOOKMARK [2][]{figure.caption.113}{\376\377\000a\000\051}{figure.caption.112}% 42
\BOOKMARK [2][]{figure.caption.123}{\376\377\000b\000\051}{figure.caption.112}% 43
\BOOKMARK [2][]{figure.caption.131}{\376\377\000c\000\051}{figure.caption.112}% 44
\BOOKMARK [2][]{figure.caption.134}{\376\377\000d\000\051}{figure.caption.112}% 45
\BOOKMARK [1][]{figure.caption.136}{\376\377\000C\000\342\000u\000\040\0001\0000}{}% 46
\BOOKMARK [2][]{figure.caption.137}{\376\377\000a\000\051}{figure.caption.136}% 47
\BOOKMARK [2][]{figure.caption.149}{\376\377\000b\000\051}{figure.caption.136}% 48
\BOOKMARK [2][]{figure.caption.157}{\376\377\000c\000\051}{figure.caption.136}% 49
